19-Jan-2022 09:28:09.318 INFO [main] org.apache.catalina.startup.VersionLoggerListener.log 서버 버전 이름:    Apache Tomcat/10.0.14
19-Jan-2022 09:28:09.325 INFO [main] org.apache.catalina.startup.VersionLoggerListener.log Server 빌드 시각:  Dec 2 2021 22:01:36 UTC
19-Jan-2022 09:28:09.326 INFO [main] org.apache.catalina.startup.VersionLoggerListener.log Server 버전 번호:  10.0.14.0
19-Jan-2022 09:28:09.326 INFO [main] org.apache.catalina.startup.VersionLoggerListener.log 운영체제 이름:     Windows 10
19-Jan-2022 09:28:09.326 INFO [main] org.apache.catalina.startup.VersionLoggerListener.log 운영체제 버전:     10.0
19-Jan-2022 09:28:09.327 INFO [main] org.apache.catalina.startup.VersionLoggerListener.log 아키텍처:          amd64
19-Jan-2022 09:28:09.327 INFO [main] org.apache.catalina.startup.VersionLoggerListener.log 자바 홈:           C:\Program Files\Java\jdk-17.0.1
19-Jan-2022 09:28:09.327 INFO [main] org.apache.catalina.startup.VersionLoggerListener.log JVM 버전:          17.0.1+12-LTS-39
19-Jan-2022 09:28:09.328 INFO [main] org.apache.catalina.startup.VersionLoggerListener.log JVM 벤더:          Oracle Corporation
19-Jan-2022 09:28:09.328 INFO [main] org.apache.catalina.startup.VersionLoggerListener.log CATALINA_BASE:     C:\Users\itsok\Desktop\MLP full-stack\Code\MLP\backend\apache-tomcat-10.0.14
19-Jan-2022 09:28:09.328 INFO [main] org.apache.catalina.startup.VersionLoggerListener.log CATALINA_HOME:     C:\Users\itsok\Desktop\MLP full-stack\Code\MLP\backend\apache-tomcat-10.0.14
19-Jan-2022 09:28:09.340 INFO [main] org.apache.catalina.startup.VersionLoggerListener.log 명령 행 아규먼트:  --add-opens=java.base/java.lang=ALL-UNNAMED
19-Jan-2022 09:28:09.342 INFO [main] org.apache.catalina.startup.VersionLoggerListener.log 명령 행 아규먼트:  --add-opens=java.base/java.io=ALL-UNNAMED
19-Jan-2022 09:28:09.343 INFO [main] org.apache.catalina.startup.VersionLoggerListener.log 명령 행 아규먼트:  --add-opens=java.base/java.util=ALL-UNNAMED
19-Jan-2022 09:28:09.344 INFO [main] org.apache.catalina.startup.VersionLoggerListener.log 명령 행 아규먼트:  --add-opens=java.base/java.util.concurrent=ALL-UNNAMED
19-Jan-2022 09:28:09.345 INFO [main] org.apache.catalina.startup.VersionLoggerListener.log 명령 행 아규먼트:  --add-opens=java.rmi/sun.rmi.transport=ALL-UNNAMED
19-Jan-2022 09:28:09.346 INFO [main] org.apache.catalina.startup.VersionLoggerListener.log 명령 행 아규먼트:  -Djava.util.logging.config.file=C:\Users\itsok\Desktop\MLP full-stack\Code\MLP\backend\apache-tomcat-10.0.14\conf\logging.properties
19-Jan-2022 09:28:09.347 INFO [main] org.apache.catalina.startup.VersionLoggerListener.log 명령 행 아규먼트:  -Djava.util.logging.manager=org.apache.juli.ClassLoaderLogManager
19-Jan-2022 09:28:09.348 INFO [main] org.apache.catalina.startup.VersionLoggerListener.log 명령 행 아규먼트:  -Djdk.tls.ephemeralDHKeySize=2048
19-Jan-2022 09:28:09.349 INFO [main] org.apache.catalina.startup.VersionLoggerListener.log 명령 행 아규먼트:  -Djava.protocol.handler.pkgs=org.apache.catalina.webresources
19-Jan-2022 09:28:09.352 INFO [main] org.apache.catalina.startup.VersionLoggerListener.log 명령 행 아규먼트:  -Dignore.endorsed.dirs=
19-Jan-2022 09:28:09.353 INFO [main] org.apache.catalina.startup.VersionLoggerListener.log 명령 행 아규먼트:  -Dcatalina.base=C:\Users\itsok\Desktop\MLP full-stack\Code\MLP\backend\apache-tomcat-10.0.14
19-Jan-2022 09:28:09.354 INFO [main] org.apache.catalina.startup.VersionLoggerListener.log 명령 행 아규먼트:  -Dcatalina.home=C:\Users\itsok\Desktop\MLP full-stack\Code\MLP\backend\apache-tomcat-10.0.14
19-Jan-2022 09:28:09.355 INFO [main] org.apache.catalina.startup.VersionLoggerListener.log 명령 행 아규먼트:  -Djava.io.tmpdir=C:\Users\itsok\Desktop\MLP full-stack\Code\MLP\backend\apache-tomcat-10.0.14\temp
19-Jan-2022 09:28:09.365 INFO [main] org.apache.catalina.core.AprLifecycleListener.lifecycleEvent APR 버전 [1.7.0]을(를) 사용한, APR 기반 Apache Tomcat Native 라이브러리 [1.2.31]을(를) 로드했습니다.
19-Jan-2022 09:28:09.367 INFO [main] org.apache.catalina.core.AprLifecycleListener.lifecycleEvent APR 용량정보들: IPv6 [true], sendfile [true], accept filters [false], random [true], UDS [true].
19-Jan-2022 09:28:09.390 INFO [main] org.apache.catalina.core.AprLifecycleListener.initializeSSL OpenSSL이 성공적으로 초기화되었습니다: [OpenSSL 1.1.1l  24 Aug 2021]
19-Jan-2022 09:28:09.778 INFO [main] org.apache.coyote.AbstractProtocol.init 프로토콜 핸들러 ["http-nio-9000"]을(를) 초기화합니다.
19-Jan-2022 09:28:09.828 INFO [main] org.apache.catalina.startup.Catalina.load [808] 밀리초 내에 서버가 초기화되었습니다.
19-Jan-2022 09:28:09.904 INFO [main] org.apache.catalina.core.StandardService.startInternal 서비스 [Catalina]을(를) 시작합니다.
19-Jan-2022 09:28:09.907 INFO [main] org.apache.catalina.core.StandardEngine.startInternal 서버 엔진을 시작합니다: [Apache Tomcat/10.0.14]
19-Jan-2022 09:28:09.939 INFO [main] org.apache.catalina.startup.HostConfig.deployWAR 웹 애플리케이션 아카이브 [C:\Users\itsok\Desktop\MLP full-stack\Code\MLP\backend\apache-tomcat-10.0.14\webapps\project01.war]을(를) 배치합니다.
19-Jan-2022 09:28:10.656 WARNING [main] org.apache.catalina.util.SessionIdGeneratorBase.createSecureRandom [SHA1PRNG] 알고리즘을 사용하여, 세션 ID를 생성하기 위한 SecureRandom 객체를 생성하는데, [158] 밀리초가 소요됐습니다.
19-Jan-2022 09:28:10.708 INFO [main] org.apache.catalina.startup.HostConfig.deployWAR 웹 애플리케이션 아카이브 [C:\Users\itsok\Desktop\MLP full-stack\Code\MLP\backend\apache-tomcat-10.0.14\webapps\project01.war]의 배치가 [768] 밀리초에 완료되었습니다.
19-Jan-2022 09:28:10.711 INFO [main] org.apache.catalina.startup.HostConfig.deployDirectory 웹 애플리케이션 디렉토리 [C:\Users\itsok\Desktop\MLP full-stack\Code\MLP\backend\apache-tomcat-10.0.14\webapps\docs]을(를) 배치합니다.
19-Jan-2022 09:28:10.802 INFO [main] org.apache.catalina.startup.HostConfig.deployDirectory 웹 애플리케이션 디렉토리 [C:\Users\itsok\Desktop\MLP full-stack\Code\MLP\backend\apache-tomcat-10.0.14\webapps\docs]에 대한 배치가 [91] 밀리초에 완료되었습니다.
19-Jan-2022 09:28:10.805 INFO [main] org.apache.catalina.startup.HostConfig.deployDirectory 웹 애플리케이션 디렉토리 [C:\Users\itsok\Desktop\MLP full-stack\Code\MLP\backend\apache-tomcat-10.0.14\webapps\examples]을(를) 배치합니다.
19-Jan-2022 09:28:11.990 INFO [main] org.apache.catalina.startup.HostConfig.deployDirectory 웹 애플리케이션 디렉토리 [C:\Users\itsok\Desktop\MLP full-stack\Code\MLP\backend\apache-tomcat-10.0.14\webapps\examples]에 대한 배치가 [1,185] 밀리초에 완료되었습니다.
19-Jan-2022 09:28:11.993 INFO [main] org.apache.catalina.startup.HostConfig.deployDirectory 웹 애플리케이션 디렉토리 [C:\Users\itsok\Desktop\MLP full-stack\Code\MLP\backend\apache-tomcat-10.0.14\webapps\host-manager]을(를) 배치합니다.
19-Jan-2022 09:28:12.107 INFO [main] org.apache.catalina.startup.HostConfig.deployDirectory 웹 애플리케이션 디렉토리 [C:\Users\itsok\Desktop\MLP full-stack\Code\MLP\backend\apache-tomcat-10.0.14\webapps\host-manager]에 대한 배치가 [114] 밀리초에 완료되었습니다.
19-Jan-2022 09:28:12.112 INFO [main] org.apache.catalina.startup.HostConfig.deployDirectory 웹 애플리케이션 디렉토리 [C:\Users\itsok\Desktop\MLP full-stack\Code\MLP\backend\apache-tomcat-10.0.14\webapps\manager]을(를) 배치합니다.
19-Jan-2022 09:28:12.249 INFO [main] org.apache.catalina.startup.HostConfig.deployDirectory 웹 애플리케이션 디렉토리 [C:\Users\itsok\Desktop\MLP full-stack\Code\MLP\backend\apache-tomcat-10.0.14\webapps\manager]에 대한 배치가 [138] 밀리초에 완료되었습니다.
19-Jan-2022 09:28:12.251 INFO [main] org.apache.catalina.startup.HostConfig.deployDirectory 웹 애플리케이션 디렉토리 [C:\Users\itsok\Desktop\MLP full-stack\Code\MLP\backend\apache-tomcat-10.0.14\webapps\ROOT]을(를) 배치합니다.
19-Jan-2022 09:28:12.327 INFO [main] org.apache.catalina.startup.HostConfig.deployDirectory 웹 애플리케이션 디렉토리 [C:\Users\itsok\Desktop\MLP full-stack\Code\MLP\backend\apache-tomcat-10.0.14\webapps\ROOT]에 대한 배치가 [76] 밀리초에 완료되었습니다.
19-Jan-2022 09:28:12.335 INFO [main] org.apache.coyote.AbstractProtocol.start 프로토콜 핸들러 ["http-nio-9000"]을(를) 시작합니다.
19-Jan-2022 09:28:12.508 INFO [main] org.apache.catalina.startup.Catalina.start 서버가 [2674] 밀리초 내에 시작되었습니다.
